<?xml version="1.0" encoding="UTF-8"?>
<testng-results ignored="0" total="1" passed="1" failed="0" skipped="0">
  <reporter-output>
  </reporter-output>
  <suite started-at="2023-09-19T18:27:53 IST" name="Suite" finished-at="2023-09-19T18:28:01 IST" duration-ms="7482">
    <groups>
    </groups>
    <test started-at="2023-09-19T18:27:53 IST" name="Test" finished-at="2023-09-19T18:28:01 IST" duration-ms="7482">
      <class name="com.qa.testlayer.Testclass">
        <test-method is-config="true" signature="setUp()[pri:0, instance:com.qa.testlayer.Testclass@56620197]" started-at="2023-09-19T18:27:53 IST" name="setUp" finished-at="2023-09-19T18:27:57 IST" duration-ms="4241" status="PASS">
          <reporter-output>
          </reporter-output>
        </test-method> <!-- setUp -->
        <test-method signature="verifyLogin()[pri:0, instance:com.qa.testlayer.Testclass@56620197]" started-at="2023-09-19T18:27:57 IST" name="verifyLogin" finished-at="2023-09-19T18:28:00 IST" duration-ms="2891" status="PASS">
          <reporter-output>
          </reporter-output>
        </test-method> <!-- verifyLogin -->
        <test-method is-config="true" signature="tearDown()[pri:0, instance:com.qa.testlayer.Testclass@56620197]" started-at="2023-09-19T18:28:00 IST" name="tearDown" finished-at="2023-09-19T18:28:01 IST" duration-ms="325" status="PASS">
          <reporter-output>
          </reporter-output>
        </test-method> <!-- tearDown -->
      </class> <!-- com.qa.testlayer.Testclass -->
    </test> <!-- Test -->
  </suite> <!-- Suite -->
</testng-results>
