<?xml version="1.0" encoding="UTF-8"?>
<testng-results ignored="0" total="1" passed="1" failed="0" skipped="0">
  <reporter-output>
  </reporter-output>
  <suite started-at="2023-09-19T22:31:49 IST" name="Suite" finished-at="2023-09-19T22:31:55 IST" duration-ms="6185">
    <groups>
    </groups>
    <test started-at="2023-09-19T22:31:49 IST" name="Test" finished-at="2023-09-19T22:31:55 IST" duration-ms="6185">
      <class name="com.qa.testlayer.Testclass">
        <test-method is-config="true" signature="setUp()[pri:0, instance:com.qa.testlayer.Testclass@6dc17b83]" started-at="2023-09-19T22:31:49 IST" name="setUp" finished-at="2023-09-19T22:31:52 IST" duration-ms="3627" status="PASS">
          <reporter-output>
          </reporter-output>
        </test-method> <!-- setUp -->
        <test-method signature="verifyLogin()[pri:0, instance:com.qa.testlayer.Testclass@6dc17b83]" started-at="2023-09-19T22:31:52 IST" name="verifyLogin" finished-at="2023-09-19T22:31:55 IST" duration-ms="2356" status="PASS">
          <reporter-output>
          </reporter-output>
        </test-method> <!-- verifyLogin -->
        <test-method is-config="true" signature="tearDown()[pri:0, instance:com.qa.testlayer.Testclass@6dc17b83]" started-at="2023-09-19T22:31:55 IST" name="tearDown" finished-at="2023-09-19T22:31:55 IST" duration-ms="161" status="PASS">
          <reporter-output>
          </reporter-output>
        </test-method> <!-- tearDown -->
      </class> <!-- com.qa.testlayer.Testclass -->
    </test> <!-- Test -->
  </suite> <!-- Suite -->
</testng-results>
